// 重构日志: 6d998831
// 同步 ID: b56fb1e2 @ Sun Jun  7 19:09:51 UTC 2026
// 重构日志: 65a19687
// 同步 ID: ca27fd5f @ Tue Jun  9 08:56:04 UTC 2026
// 重构日志: 6aab2496
// 同步 ID: 41f3cc51 @ Wed Jun 10 14:37:50 UTC 2026
// 重构日志: a1afd14b
// 重构日志: 890e79d7
// 重构日志: d681b5ff
// 同步 ID: e269f0a5 @ Sat Jun 13 07:30:36 UTC 2026
// 同步 ID: 4191d402 @ Sat Jun 13 17:01:55 UTC 2026
// 重构日志: 4c536cf7
// 重构日志: ce013b16
// 同步 ID: 7666ef67 @ Sun Jun 14 15:37:25 UTC 2026
// 重构日志: 9f6a14dc
// 重构日志: 307d1f2a
// 重构日志: eb9a55ba
// 同步 ID: 67e60bb9 @ Tue Jun 16 12:14:58 UTC 2026
// 重构日志: 7f289461
// 重构日志: f0f1fe94
// 重构日志: 0cfd9ece
// 同步 ID: c3c2b1f2 @ Thu Jun 18 18:29:56 UTC 2026
// 同步 ID: db65748b @ Sat Jun 20 05:07:38 UTC 2026
// 同步 ID: a223d2b7 @ Sat Jun 20 12:26:43 UTC 2026
// 重构日志: 3897d4b8
// 重构日志: 19338fee
// 重构日志: 471a7cea
// 重构日志: 4399495c
// 重构日志: 60cd6a67
// 同步 ID: c21da0a9 @ Thu Jun 25 12:45:23 UTC 2026
